<?xml version="1.0" encoding="UTF-8"?>
<testsuite xmlns:xsi="http://www.w3.org/2001/XMLSchema-instance" xsi:noNamespaceSchemaLocation="https://maven.apache.org/surefire/maven-surefire-plugin/xsd/surefire-test-report-3.0.xsd" version="3.0" name="TestSuite" time="0.664" tests="7" errors="0" skipped="0" failures="0">
  <properties>
[...]
</properties>
  <testcase name="name[I am test level + qaclickacademy.com, 123456](1)" classname="test.java.com.TestNG.day2" time="0.001">
    <system-out><![CDATA[I am before all test
I am before all class in this test
Before this method!
HELLO
I am default parameter from testNG xml file I am test level + qaclickacademy.com123456
]]></system-out>
  </testcase>
  <testcase name="name2[firstsetusername, firstpassword](1)" classname="test.java.com.TestNG.day2" time="0.001">
    <system-out><![CDATA[Before this method!
HELLO2
firstsetusernamefirstpassword
]]></system-out>
  </testcase>
  <testcase name="name2[username2, password2](2)" classname="test.java.com.TestNG.day2" time="0">
    <system-out><![CDATA[Before this method!
HELLO2
username2password2
]]></system-out>
  </testcase>
  <testcase name="name2[username3, password3](3)" classname="test.java.com.TestNG.day2" time="0.001">
    <system-out><![CDATA[Before this method!
HELLO2
username3password3
]]></system-out>
  </testcase>
  <testcase name="name3" classname="test.java.com.TestNG.day2" time="0">
    <system-out><![CDATA[Before this method!
HELLO3
]]></system-out>
  </testcase>
  <testcase name="name5" classname="test.java.com.TestNG.day1" time="0.005">
    <system-out><![CDATA[I am name5
]]></system-out>
  </testcase>
  <testcase name="name3" classname="test.java.com.TestNG.day1" time="0.002">
    <system-out><![CDATA[I come after name5
]]></system-out>
  </testcase>
</testsuite>