<?xml version="1.0" encoding="UTF-8"?>
<testng-results ignored="0" total="2" passed="2" failed="0" skipped="0">
  <reporter-output>
  </reporter-output>
  <suite started-at="2022-09-13T09:13:33 CDT" name="suite" finished-at="2022-09-13T09:13:33 CDT" duration-ms="30">
    <groups>
    </groups>
    <test started-at="2022-09-13T09:13:33 CDT" name="Test" finished-at="2022-09-13T09:13:33 CDT" duration-ms="30">
      <class name="test.java.com.TestNG.day1">
        <test-method signature="name()[pri:0, instance:test.java.com.TestNG.day1@66f0589c]" started-at="2022-09-13T09:13:33 CDT" name="name" finished-at="2022-09-13T09:13:33 CDT" duration-ms="5" status="PASS">
          <reporter-output>
          </reporter-output>
        </test-method> <!-- name -->
        <test-method signature="name2()[pri:0, instance:test.java.com.TestNG.day1@66f0589c]" started-at="2022-09-13T09:13:33 CDT" name="name2" finished-at="2022-09-13T09:13:33 CDT" duration-ms="1" status="PASS">
          <reporter-output>
          </reporter-output>
        </test-method> <!-- name2 -->
      </class> <!-- test.java.com.TestNG.day1 -->
    </test> <!-- Test -->
  </suite> <!-- suite -->
</testng-results>
